# JRE version: Java(TM) SE Runtime Environment (21.0.1+12) (build 21.0.1+12-LTS-29)
# Java VM: Java HotSpot(TM) 64-Bit Server VM (21.0.1+12-LTS-29, mixed mode, emulated-client, sharing, tiered, compressed oops, compressed class ptrs, g1 gc, windows-amd64)
GC Precious Log:
 CardTable entry size: 512
 Card Set container configuration: InlinePtr #cards 4 size 8 Array Of Cards #cards 16 size 48 Howl #buckets 8 coarsen threshold 3686 Howl Bitmap #cards 512 size 80 coarsen threshold 460 Card regions per heap region 1 cards per card region 4096
 CPUs: 8 total, 8 available
 Memory: 11968M
 Large Page Support: Disabled
 NUMA Support: Disabled
 Compressed Oops: Enabled (Zero based)
 Heap Region Size: 2M
 Heap Min Capacity: 8M
 Heap Initial Capacity: 188M
 Heap Max Capacity: 2994M
 Pre-touch: Disabled
 Parallel Workers: 8
 Concurrent Workers: 2
 Concurrent Refinement Workers: 8
 Periodic GC: Disabled
Heap:
 garbage-first heap   total 61440K, used 28138K [0x0000000744e00000, 0x0000000800000000)
  region size 2048K, 2 young (4096K), 2 survivors (4096K)
 Metaspace       used 59467K, committed 60160K, reserved 1114112K
  class space    used 8361K, committed 8640K, reserved 1048576K
GC Heap History (20 events):
Event: 0.852 GC heap after
{Heap after GC invocations=2 (full 0):
 garbage-first heap   total 192512K, used 8799K [0x0000000744e00000, 0x0000000800000000)
  region size 2048K, 2 young (4096K), 2 survivors (4096K)
 Metaspace       used 11816K, committed 12096K, reserved 1114112K
  class space    used 1558K, committed 1728K, reserved 1048576K
}
Event: 1.119 GC heap before
{Heap before GC invocations=2 (full 0):
 garbage-first heap   total 192512K, used 53855K [0x0000000744e00000, 0x0000000800000000)
  region size 2048K, 25 young (51200K), 2 survivors (4096K)
 Metaspace       used 20320K, committed 20608K, reserved 1114112K
  class space    used 2615K, committed 2752K, reserved 1048576K
}
Event: 1.125 GC heap after
{Heap after GC invocations=3 (full 0):
 garbage-first heap   total 192512K, used 12743K [0x0000000744e00000, 0x0000000800000000)
  region size 2048K, 4 young (8192K), 4 survivors (8192K)
 Metaspace       used 20320K, committed 20608K, reserved 1114112K
  class space    used 2615K, committed 2752K, reserved 1048576K
}
Event: 1.579 GC heap before
{Heap before GC invocations=4 (full 0):
 garbage-first heap   total 61440K, used 41415K [0x0000000744e00000, 0x0000000800000000)
  region size 2048K, 18 young (36864K), 4 survivors (8192K)
 Metaspace       used 23026K, committed 23488K, reserved 1114112K
  class space    used 3024K, committed 3264K, reserved 1048576K
}
Event: 1.586 GC heap after
{Heap after GC invocations=5 (full 0):
 garbage-first heap   total 61440K, used 14266K [0x0000000744e00000, 0x0000000800000000)
  region size 2048K, 2 young (4096K), 2 survivors (4096K)
 Metaspace       used 23026K, committed 23488K, reserved 1114112K
  class space    used 3024K, committed 3264K, reserved 1048576K
}
Event: 2.078 GC heap before
{Heap before GC invocations=5 (full 0):
 garbage-first heap   total 61440K, used 42938K [0x0000000744e00000, 0x0000000800000000)
  region size 2048K, 16 young (32768K), 2 survivors (4096K)
 Metaspace       used 27255K, committed 27776K, reserved 1114112K
  class space    used 3699K, committed 3904K, reserved 1048576K
}
Event: 2.085 GC heap after
{Heap after GC invocations=6 (full 0):
 garbage-first heap   total 61440K, used 16791K [0x0000000744e00000, 0x0000000800000000)
  region size 2048K, 2 young (4096K), 2 survivors (4096K)
 Metaspace       used 27255K, committed 27776K, reserved 1114112K
  class space    used 3699K, committed 3904K, reserved 1048576K
}
Event: 2.550 GC heap before
{Heap before GC invocations=6 (full 0):
 garbage-first heap   total 61440K, used 45463K [0x0000000744e00000, 0x0000000800000000)
  region size 2048K, 17 young (34816K), 2 survivors (4096K)
 Metaspace       used 32770K, committed 33344K, reserved 1114112K
  class space    used 4416K, committed 4672K, reserved 1048576K
}
Event: 2.554 GC heap after
{Heap after GC invocations=7 (full 0):
 garbage-first heap   total 61440K, used 18908K [0x0000000744e00000, 0x0000000800000000)
  region size 2048K, 3 young (6144K), 3 survivors (6144K)
 Metaspace       used 32770K, committed 33344K, reserved 1114112K
  class space    used 4416K, committed 4672K, reserved 1048576K
}
Event: 2.630 GC heap before
{Heap before GC invocations=7 (full 0):
 garbage-first heap   total 61440K, used 23004K [0x0000000744e00000, 0x0000000800000000)
  region size 2048K, 6 young (12288K), 3 survivors (6144K)
 Metaspace       used 33955K, committed 34496K, reserved 1114112K
  class space    used 4608K, committed 4864K, reserved 1048576K
}
Event: 2.633 GC heap after
{Heap after GC invocations=8 (full 0):
 garbage-first heap   total 61440K, used 19342K [0x0000000744e00000, 0x0000000800000000)
  region size 2048K, 2 young (4096K), 2 survivors (4096K)
 Metaspace       used 33955K, committed 34496K, reserved 1114112K
  class space    used 4608K, committed 4864K, reserved 1048576K
}
Event: 3.032 GC heap before
{Heap before GC invocations=9 (full 0):
 garbage-first heap   total 61440K, used 50062K [0x0000000744e00000, 0x0000000800000000)
  region size 2048K, 17 young (34816K), 2 survivors (4096K)
 Metaspace       used 41158K, committed 41792K, reserved 1114112K
  class space    used 5599K, committed 5888K, reserved 1048576K
}
Event: 3.034 GC heap after
{Heap after GC invocations=10 (full 0):
 garbage-first heap   total 61440K, used 21194K [0x0000000744e00000, 0x0000000800000000)
  region size 2048K, 3 young (6144K), 3 survivors (6144K)
 Metaspace       used 41158K, committed 41792K, reserved 1114112K
  class space    used 5599K, committed 5888K, reserved 1048576K
}
Event: 3.339 GC heap before
{Heap before GC invocations=10 (full 0):
 garbage-first heap   total 61440K, used 47818K [0x0000000744e00000, 0x0000000800000000)
  region size 2048K, 16 young (32768K), 3 survivors (6144K)
 Metaspace       used 48453K, committed 49088K, reserved 1114112K
  class space    used 6628K, committed 6912K, reserved 1048576K
}
Event: 3.342 GC heap after
{Heap after GC invocations=11 (full 0):
 garbage-first heap   total 61440K, used 22459K [0x0000000744e00000, 0x0000000800000000)
  region size 2048K, 2 young (4096K), 2 survivors (4096K)
 Metaspace       used 48453K, committed 49088K, reserved 1114112K
  class space    used 6628K, committed 6912K, reserved 1048576K
}
Event: 3.687 GC heap before
{Heap before GC invocations=11 (full 0):
 garbage-first heap   total 61440K, used 49083K [0x0000000744e00000, 0x0000000800000000)
  region size 2048K, 16 young (32768K), 2 survivors (4096K)
 Metaspace       used 54530K, committed 55168K, reserved 1114112K
  class space    used 7633K, committed 7936K, reserved 1048576K
}
Event: 3.690 GC heap after
{Heap after GC invocations=12 (full 0):
 garbage-first heap   total 61440K, used 24098K [0x0000000744e00000, 0x0000000800000000)
  region size 2048K, 2 young (4096K), 2 survivors (4096K)
 Metaspace       used 54530K, committed 55168K, reserved 1114112K
  class space    used 7633K, committed 7936K, reserved 1048576K
}
Event: 3.902 GC heap before
{Heap before GC invocations=12 (full 0):
 garbage-first heap   total 61440K, used 46626K [0x0000000744e00000, 0x0000000800000000)
  region size 2048K, 14 young (28672K), 2 survivors (4096K)
 Metaspace       used 57280K, committed 57920K, reserved 1114112K
  class space    used 7981K, committed 8256K, reserved 1048576K
}
Event: 3.905 GC heap after
{Heap after GC invocations=13 (full 0):
 garbage-first heap   total 61440K, used 25688K [0x0000000744e00000, 0x0000000800000000)
  region size 2048K, 2 young (4096K), 2 survivors (4096K)
 Metaspace       used 57280K, committed 57920K, reserved 1114112K
  class space    used 7981K, committed 8256K, reserved 1048576K
}
Event: 4.154 GC heap before
{Heap before GC invocations=14 (full 0):
 garbage-first heap   total 61440K, used 50264K [0x0000000744e00000, 0x0000000800000000)
  region size 2048K, 14 young (28672K), 2 survivors (4096K)
 Metaspace       used 59467K, committed 60160K, reserved 1114112K
  class space    used 8361K, committed 8640K, reserved 1048576K
}

