# JRE version: Java(TM) SE Runtime Environment (21.0.1+12) (build 21.0.1+12-LTS-29)
# Java VM: Java HotSpot(TM) 64-Bit Server VM (21.0.1+12-LTS-29, mixed mode, emulated-client, sharing, tiered, compressed oops, compressed class ptrs, g1 gc, windows-amd64)
GC Precious Log:
 CardTable entry size: 512
 Card Set container configuration: InlinePtr #cards 4 size 8 Array Of Cards #cards 16 size 48 Howl #buckets 8 coarsen threshold 3686 Howl Bitmap #cards 512 size 80 coarsen threshold 460 Card regions per heap region 1 cards per card region 4096
 CPUs: 8 total, 8 available
 Memory: 11968M
 Large Page Support: Disabled
 NUMA Support: Disabled
 Compressed Oops: Enabled (Zero based)
 Heap Region Size: 2M
 Heap Min Capacity: 8M
 Heap Initial Capacity: 188M
 Heap Max Capacity: 2994M
 Pre-touch: Disabled
 Parallel Workers: 8
 Concurrent Workers: 2
 Concurrent Refinement Workers: 8
 Periodic GC: Disabled
Heap:
 garbage-first heap   total 67584K, used 42312K [0x0000000744e00000, 0x0000000800000000)
  region size 2048K, 14 young (28672K), 3 survivors (6144K)
 Metaspace       used 49965K, committed 50496K, reserved 1114112K
  class space    used 7050K, committed 7296K, reserved 1048576K
GC Heap History (16 events):
Event: 0.540 GC heap before
{Heap before GC invocations=0 (full 0):
 garbage-first heap   total 192512K, used 20480K [0x0000000744e00000, 0x0000000800000000)
  region size 2048K, 11 young (22528K), 0 survivors (0K)
 Metaspace       used 6846K, committed 7104K, reserved 1114112K
  class space    used 829K, committed 960K, reserved 1048576K
}
Event: 0.544 GC heap after
{Heap after GC invocations=1 (full 0):
 garbage-first heap   total 192512K, used 7102K [0x0000000744e00000, 0x0000000800000000)
  region size 2048K, 2 young (4096K), 2 survivors (4096K)
 Metaspace       used 6846K, committed 7104K, reserved 1114112K
  class space    used 829K, committed 960K, reserved 1048576K
}
Event: 0.900 GC heap before
{Heap before GC invocations=1 (full 0):
 garbage-first heap   total 192512K, used 31678K [0x0000000744e00000, 0x0000000800000000)
  region size 2048K, 15 young (30720K), 2 survivors (4096K)
 Metaspace       used 13510K, committed 13888K, reserved 1114112K
  class space    used 1739K, committed 1920K, reserved 1048576K
}
Event: 0.905 GC heap after
{Heap after GC invocations=2 (full 0):
 garbage-first heap   total 192512K, used 8648K [0x0000000744e00000, 0x0000000800000000)
  region size 2048K, 1 young (2048K), 1 survivors (2048K)
 Metaspace       used 13510K, committed 13888K, reserved 1114112K
  class space    used 1739K, committed 1920K, reserved 1048576K
}
Event: 1.200 GC heap before
{Heap before GC invocations=2 (full 0):
 garbage-first heap   total 192512K, used 43464K [0x0000000744e00000, 0x0000000800000000)
  region size 2048K, 19 young (38912K), 1 survivors (2048K)
 Metaspace       used 20041K, committed 20416K, reserved 1114112K
  class space    used 2621K, committed 2816K, reserved 1048576K
}
Event: 1.205 GC heap after
{Heap after GC invocations=3 (full 0):
 garbage-first heap   total 192512K, used 12678K [0x0000000744e00000, 0x0000000800000000)
  region size 2048K, 3 young (6144K), 3 survivors (6144K)
 Metaspace       used 20041K, committed 20416K, reserved 1114112K
  class space    used 2621K, committed 2816K, reserved 1048576K
}
Event: 1.584 GC heap before
{Heap before GC invocations=4 (full 0):
 garbage-first heap   total 55296K, used 39302K [0x0000000744e00000, 0x0000000800000000)
  region size 2048K, 16 young (32768K), 3 survivors (6144K)
 Metaspace       used 23027K, committed 23424K, reserved 1114112K
  class space    used 3089K, committed 3264K, reserved 1048576K
}
Event: 1.591 GC heap after
{Heap after GC invocations=5 (full 0):
 garbage-first heap   total 55296K, used 14924K [0x0000000744e00000, 0x0000000800000000)
  region size 2048K, 2 young (4096K), 2 survivors (4096K)
 Metaspace       used 23027K, committed 23424K, reserved 1114112K
  class space    used 3089K, committed 3264K, reserved 1048576K
}
Event: 1.893 GC heap before
{Heap before GC invocations=5 (full 0):
 garbage-first heap   total 55296K, used 37452K [0x0000000744e00000, 0x0000000800000000)
  region size 2048K, 14 young (28672K), 2 survivors (4096K)
 Metaspace       used 27451K, committed 27968K, reserved 1114112K
  class space    used 3748K, committed 3968K, reserved 1048576K
}
Event: 1.901 GC heap after
{Heap after GC invocations=6 (full 0):
 garbage-first heap   total 55296K, used 17114K [0x0000000744e00000, 0x0000000800000000)
  region size 2048K, 2 young (4096K), 2 survivors (4096K)
 Metaspace       used 27451K, committed 27968K, reserved 1114112K
  class space    used 3748K, committed 3968K, reserved 1048576K
}
Event: 2.152 GC heap before
{Heap before GC invocations=6 (full 0):
 garbage-first heap   total 55296K, used 41690K [0x0000000744e00000, 0x0000000800000000)
  region size 2048K, 14 young (28672K), 2 survivors (4096K)
 Metaspace       used 32559K, committed 33216K, reserved 1114112K
  class space    used 4456K, committed 4736K, reserved 1048576K
}
Event: 2.156 GC heap after
{Heap after GC invocations=7 (full 0):
 garbage-first heap   total 67584K, used 19082K [0x0000000744e00000, 0x0000000800000000)
  region size 2048K, 1 young (2048K), 1 survivors (2048K)
 Metaspace       used 32559K, committed 33216K, reserved 1114112K
  class space    used 4456K, committed 4736K, reserved 1048576K
}
Event: 2.202 GC heap before
{Heap before GC invocations=7 (full 0):
 garbage-first heap   total 67584K, used 21130K [0x0000000744e00000, 0x0000000800000000)
  region size 2048K, 3 young (6144K), 1 survivors (2048K)
 Metaspace       used 33593K, committed 34176K, reserved 1114112K
  class space    used 4619K, committed 4928K, reserved 1048576K
}
Event: 2.204 GC heap after
{Heap after GC invocations=8 (full 0):
 garbage-first heap   total 67584K, used 18979K [0x0000000744e00000, 0x0000000800000000)
  region size 2048K, 1 young (2048K), 1 survivors (2048K)
 Metaspace       used 33593K, committed 34176K, reserved 1114112K
  class space    used 4619K, committed 4928K, reserved 1048576K
}
Event: 2.611 GC heap before
{Heap before GC invocations=9 (full 0):
 garbage-first heap   total 67584K, used 51747K [0x0000000744e00000, 0x0000000800000000)
  region size 2048K, 18 young (36864K), 1 survivors (2048K)
 Metaspace       used 43239K, committed 43840K, reserved 1114112K
  class space    used 5925K, committed 6208K, reserved 1048576K
}
Event: 2.614 GC heap after
{Heap after GC invocations=10 (full 0):
 garbage-first heap   total 67584K, used 21832K [0x0000000744e00000, 0x0000000800000000)
  region size 2048K, 3 young (6144K), 3 survivors (6144K)
 Metaspace       used 43239K, committed 43840K, reserved 1114112K
  class space    used 5925K, committed 6208K, reserved 1048576K
}

