# JRE version: Java(TM) SE Runtime Environment (21.0.1+12) (build 21.0.1+12-LTS-29)
# Java VM: Java HotSpot(TM) 64-Bit Server VM (21.0.1+12-LTS-29, mixed mode, sharing, tiered, compressed oops, compressed class ptrs, g1 gc, windows-amd64)
GC Precious Log:
 CardTable entry size: 512
 Card Set container configuration: InlinePtr #cards 4 size 8 Array Of Cards #cards 16 size 48 Howl #buckets 8 coarsen threshold 3686 Howl Bitmap #cards 512 size 80 coarsen threshold 460 Card regions per heap region 1 cards per card region 4096
 CPUs: 8 total, 8 available
 Memory: 11968M
 Large Page Support: Disabled
 NUMA Support: Disabled
 Compressed Oops: Enabled (Zero based)
 Heap Region Size: 2M
 Heap Min Capacity: 8M
 Heap Initial Capacity: 188M
 Heap Max Capacity: 2994M
 Pre-touch: Disabled
 Parallel Workers: 8
 Concurrent Workers: 2
 Concurrent Refinement Workers: 8
 Periodic GC: Disabled
Heap:
 garbage-first heap   total 172032K, used 67872K [0x0000000744e00000, 0x0000000800000000)
  region size 2048K, 3 young (6144K), 2 survivors (4096K)
 Metaspace       used 36005K, committed 36608K, reserved 1114112K
  class space    used 4022K, committed 4288K, reserved 1048576K
GC Heap History (15 events):
Event: 0.376 GC heap before
{Heap before GC invocations=0 (full 0):
 garbage-first heap   total 192512K, used 22528K [0x0000000744e00000, 0x0000000800000000)
  region size 2048K, 11 young (22528K), 0 survivors (0K)
 Metaspace       used 6085K, committed 6272K, reserved 1114112K
  class space    used 692K, committed 768K, reserved 1048576K
}
Event: 0.380 GC heap after
{Heap after GC invocations=1 (full 0):
 garbage-first heap   total 192512K, used 4019K [0x0000000744e00000, 0x0000000800000000)
  region size 2048K, 2 young (4096K), 2 survivors (4096K)
 Metaspace       used 6085K, committed 6272K, reserved 1114112K
  class space    used 692K, committed 768K, reserved 1048576K
}
Event: 0.701 GC heap before
{Heap before GC invocations=1 (full 0):
 garbage-first heap   total 192512K, used 36787K [0x0000000744e00000, 0x0000000800000000)
  region size 2048K, 18 young (36864K), 2 survivors (4096K)
 Metaspace       used 10617K, committed 10816K, reserved 1114112K
  class space    used 1259K, committed 1344K, reserved 1048576K
}
Event: 0.706 GC heap after
{Heap after GC invocations=2 (full 0):
 garbage-first heap   total 192512K, used 5857K [0x0000000744e00000, 0x0000000800000000)
  region size 2048K, 1 young (2048K), 1 survivors (2048K)
 Metaspace       used 10617K, committed 10816K, reserved 1114112K
  class space    used 1259K, committed 1344K, reserved 1048576K
}
Event: 1.622 GC heap before
{Heap before GC invocations=2 (full 0):
 garbage-first heap   total 192512K, used 116449K [0x0000000744e00000, 0x0000000800000000)
  region size 2048K, 56 young (114688K), 1 survivors (2048K)
 Metaspace       used 17131K, committed 17408K, reserved 1114112K
  class space    used 1905K, committed 2048K, reserved 1048576K
}
Event: 1.632 GC heap after
{Heap after GC invocations=3 (full 0):
 garbage-first heap   total 192512K, used 17612K [0x0000000744e00000, 0x0000000800000000)
  region size 2048K, 7 young (14336K), 7 survivors (14336K)
 Metaspace       used 17131K, committed 17408K, reserved 1114112K
  class space    used 1905K, committed 2048K, reserved 1048576K
}
Event: 2.125 GC heap before
{Heap before GC invocations=3 (full 0):
 garbage-first heap   total 192512K, used 72908K [0x0000000744e00000, 0x0000000800000000)
  region size 2048K, 31 young (63488K), 7 survivors (14336K)
 Metaspace       used 21201K, committed 21504K, reserved 1114112K
  class space    used 2366K, committed 2496K, reserved 1048576K
}
Event: 2.136 GC heap after
{Heap after GC invocations=4 (full 0):
 garbage-first heap   total 192512K, used 31230K [0x0000000744e00000, 0x0000000800000000)
  region size 2048K, 4 young (8192K), 4 survivors (8192K)
 Metaspace       used 21201K, committed 21504K, reserved 1114112K
  class space    used 2366K, committed 2496K, reserved 1048576K
}
Event: 3.064 GC heap before
{Heap before GC invocations=5 (full 0):
 garbage-first heap   total 116736K, used 113150K [0x0000000744e00000, 0x0000000800000000)
  region size 2048K, 45 young (92160K), 4 survivors (8192K)
 Metaspace       used 29098K, committed 29568K, reserved 1114112K
  class space    used 3259K, committed 3456K, reserved 1048576K
}
Event: 3.076 GC heap after
{Heap after GC invocations=6 (full 0):
 garbage-first heap   total 141312K, used 45056K [0x0000000744e00000, 0x0000000800000000)
  region size 2048K, 7 young (14336K), 7 survivors (14336K)
 Metaspace       used 29098K, committed 29568K, reserved 1114112K
  class space    used 3259K, committed 3456K, reserved 1048576K
}
Event: 3.702 GC heap before
{Heap before GC invocations=6 (full 0):
 garbage-first heap   total 141312K, used 116736K [0x0000000744e00000, 0x0000000800000000)
  region size 2048K, 40 young (81920K), 7 survivors (14336K)
 Metaspace       used 32013K, committed 32576K, reserved 1114112K
  class space    used 3598K, committed 3840K, reserved 1048576K
}
Event: 3.713 GC heap after
{Heap after GC invocations=7 (full 0):
 garbage-first heap   total 141312K, used 49032K [0x0000000744e00000, 0x0000000800000000)
  region size 2048K, 3 young (6144K), 3 survivors (6144K)
 Metaspace       used 32013K, committed 32576K, reserved 1114112K
  class space    used 3598K, committed 3840K, reserved 1048576K
}
Event: 4.113 GC heap before
{Heap before GC invocations=7 (full 0):
 garbage-first heap   total 141312K, used 114568K [0x0000000744e00000, 0x0000000800000000)
  region size 2048K, 36 young (73728K), 3 survivors (6144K)
 Metaspace       used 32776K, committed 33344K, reserved 1114112K
  class space    used 3688K, committed 3968K, reserved 1048576K
}
Event: 4.123 GC heap after
{Heap after GC invocations=8 (full 0):
 garbage-first heap   total 172032K, used 68938K [0x0000000744e00000, 0x0000000800000000)
  region size 2048K, 5 young (10240K), 5 survivors (10240K)
 Metaspace       used 32776K, committed 33344K, reserved 1114112K
  class space    used 3688K, committed 3968K, reserved 1048576K
}
Event: 4.552 GC heap before
{Heap before GC invocations=8 (full 0):
 garbage-first heap   total 172032K, used 124234K [0x0000000744e00000, 0x0000000800000000)
  region size 2048K, 33 young (67584K), 5 survivors (10240K)
 Metaspace       used 35896K, committed 36480K, reserved 1114112K
  class space    used 4005K, committed 4288K, reserved 1048576K
}

