# JRE version: Java(TM) SE Runtime Environment (21.0.1+12) (build 21.0.1+12-LTS-29)
# Java VM: Java HotSpot(TM) 64-Bit Server VM (21.0.1+12-LTS-29, mixed mode, sharing, tiered, compressed oops, compressed class ptrs, g1 gc, windows-amd64)
GC Precious Log:
 CardTable entry size: 512
 Card Set container configuration: InlinePtr #cards 4 size 8 Array Of Cards #cards 16 size 48 Howl #buckets 8 coarsen threshold 3686 Howl Bitmap #cards 512 size 80 coarsen threshold 460 Card regions per heap region 1 cards per card region 4096
 CPUs: 8 total, 8 available
 Memory: 11968M
 Large Page Support: Disabled
 NUMA Support: Disabled
 Compressed Oops: Enabled (Zero based)
 Heap Region Size: 2M
 Heap Min Capacity: 8M
 Heap Initial Capacity: 188M
 Heap Max Capacity: 2994M
 Pre-touch: Disabled
 Parallel Workers: 8
 Concurrent Workers: 2
 Concurrent Refinement Workers: 8
 Periodic GC: Disabled
Heap:
 garbage-first heap   total 81920K, used 33452K [0x0000000744e00000, 0x0000000800000000)
  region size 2048K, 5 young (10240K), 3 survivors (6144K)
 Metaspace       used 65815K, committed 66624K, reserved 1114112K
  class space    used 8991K, committed 9344K, reserved 1048576K
GC Heap History (20 events):
Event: 0.335 GC heap before
{Heap before GC invocations=0 (full 0):
 garbage-first heap   total 192512K, used 20480K [0x0000000744e00000, 0x0000000800000000)
  region size 2048K, 11 young (22528K), 0 survivors (0K)
 Metaspace       used 4259K, committed 4416K, reserved 1114112K
  class space    used 487K, committed 576K, reserved 1048576K
}
Event: 0.340 GC heap after
{Heap after GC invocations=1 (full 0):
 garbage-first heap   total 192512K, used 8544K [0x0000000744e00000, 0x0000000800000000)
  region size 2048K, 2 young (4096K), 2 survivors (4096K)
 Metaspace       used 4259K, committed 4416K, reserved 1114112K
  class space    used 487K, committed 576K, reserved 1048576K
}
Event: 0.661 GC heap before
{Heap before GC invocations=1 (full 0):
 garbage-first heap   total 192512K, used 31072K [0x0000000744e00000, 0x0000000800000000)
  region size 2048K, 13 young (26624K), 2 survivors (4096K)
 Metaspace       used 10898K, committed 11136K, reserved 1114112K
  class space    used 1354K, committed 1472K, reserved 1048576K
}
Event: 0.665 GC heap after
{Heap after GC invocations=2 (full 0):
 garbage-first heap   total 192512K, used 10590K [0x0000000744e00000, 0x0000000800000000)
  region size 2048K, 1 young (2048K), 1 survivors (2048K)
 Metaspace       used 10898K, committed 11136K, reserved 1114112K
  class space    used 1354K, committed 1472K, reserved 1048576K
}
Event: 1.051 GC heap before
{Heap before GC invocations=2 (full 0):
 garbage-first heap   total 192512K, used 51550K [0x0000000744e00000, 0x0000000800000000)
  region size 2048K, 22 young (45056K), 1 survivors (2048K)
 Metaspace       used 21222K, committed 21504K, reserved 1114112K
  class space    used 2724K, committed 2880K, reserved 1048576K
}
Event: 1.055 GC heap after
{Heap after GC invocations=3 (full 0):
 garbage-first heap   total 192512K, used 13992K [0x0000000744e00000, 0x0000000800000000)
  region size 2048K, 3 young (6144K), 3 survivors (6144K)
 Metaspace       used 21222K, committed 21504K, reserved 1114112K
  class space    used 2724K, committed 2880K, reserved 1048576K
}
Event: 1.607 GC heap before
{Heap before GC invocations=4 (full 0):
 garbage-first heap   total 61440K, used 59048K [0x0000000744e00000, 0x0000000800000000)
  region size 2048K, 25 young (51200K), 3 survivors (6144K)
 Metaspace       used 26867K, committed 27264K, reserved 1114112K
  class space    used 3438K, committed 3584K, reserved 1048576K
}
Event: 1.614 GC heap after
{Heap after GC invocations=5 (full 0):
 garbage-first heap   total 71680K, used 17786K [0x0000000744e00000, 0x0000000800000000)
  region size 2048K, 5 young (10240K), 5 survivors (10240K)
 Metaspace       used 26867K, committed 27264K, reserved 1114112K
  class space    used 3438K, committed 3584K, reserved 1048576K
}
Event: 2.061 GC heap before
{Heap before GC invocations=5 (full 0):
 garbage-first heap   total 71680K, used 50554K [0x0000000744e00000, 0x0000000800000000)
  region size 2048K, 21 young (43008K), 5 survivors (10240K)
 Metaspace       used 33514K, committed 33984K, reserved 1114112K
  class space    used 4404K, committed 4608K, reserved 1048576K
}
Event: 2.070 GC heap after
{Heap after GC invocations=6 (full 0):
 garbage-first heap   total 71680K, used 20130K [0x0000000744e00000, 0x0000000800000000)
  region size 2048K, 2 young (4096K), 2 survivors (4096K)
 Metaspace       used 33514K, committed 33984K, reserved 1114112K
  class space    used 4404K, committed 4608K, reserved 1048576K
}
Event: 2.200 GC heap before
{Heap before GC invocations=6 (full 0):
 garbage-first heap   total 71680K, used 26274K [0x0000000744e00000, 0x0000000800000000)
  region size 2048K, 6 young (12288K), 2 survivors (4096K)
 Metaspace       used 35588K, committed 36096K, reserved 1114112K
  class space    used 4755K, committed 4992K, reserved 1048576K
}
Event: 2.205 GC heap after
{Heap after GC invocations=7 (full 0):
 garbage-first heap   total 86016K, used 20273K [0x0000000744e00000, 0x0000000800000000)
  region size 2048K, 2 young (4096K), 2 survivors (4096K)
 Metaspace       used 35588K, committed 36096K, reserved 1114112K
  class space    used 4755K, committed 4992K, reserved 1048576K
}
Event: 2.835 GC heap before
{Heap before GC invocations=8 (full 0):
 garbage-first heap   total 81920K, used 65329K [0x0000000744e00000, 0x0000000800000000)
  region size 2048K, 24 young (49152K), 2 survivors (4096K)
 Metaspace       used 49699K, committed 50176K, reserved 1114112K
  class space    used 6727K, committed 6976K, reserved 1048576K
}
Event: 2.842 GC heap after
{Heap after GC invocations=9 (full 0):
 garbage-first heap   total 81920K, used 23725K [0x0000000744e00000, 0x0000000800000000)
  region size 2048K, 3 young (6144K), 3 survivors (6144K)
 Metaspace       used 49699K, committed 50176K, reserved 1114112K
  class space    used 6727K, committed 6976K, reserved 1048576K
}
Event: 3.317 GC heap before
{Heap before GC invocations=9 (full 0):
 garbage-first heap   total 81920K, used 64685K [0x0000000744e00000, 0x0000000800000000)
  region size 2048K, 23 young (47104K), 3 survivors (6144K)
 Metaspace       used 57794K, committed 58304K, reserved 1114112K
  class space    used 7864K, committed 8064K, reserved 1048576K
}
Event: 3.327 GC heap after
{Heap after GC invocations=10 (full 0):
 garbage-first heap   total 81920K, used 26476K [0x0000000744e00000, 0x0000000800000000)
  region size 2048K, 2 young (4096K), 2 survivors (4096K)
 Metaspace       used 57794K, committed 58304K, reserved 1114112K
  class space    used 7864K, committed 8064K, reserved 1048576K
}
Event: 3.543 GC heap before
{Heap before GC invocations=10 (full 0):
 garbage-first heap   total 81920K, used 57196K [0x0000000744e00000, 0x0000000800000000)
  region size 2048K, 18 young (36864K), 2 survivors (4096K)
 Metaspace       used 59833K, committed 60416K, reserved 1114112K
  class space    used 8110K, committed 8384K, reserved 1048576K
}
Event: 3.548 GC heap after
{Heap after GC invocations=11 (full 0):
 garbage-first heap   total 81920K, used 27468K [0x0000000744e00000, 0x0000000800000000)
  region size 2048K, 2 young (4096K), 2 survivors (4096K)
 Metaspace       used 59833K, committed 60416K, reserved 1114112K
  class space    used 8110K, committed 8384K, reserved 1048576K
}
Event: 4.057 GC heap before
{Heap before GC invocations=12 (full 0):
 garbage-first heap   total 81920K, used 70476K [0x0000000744e00000, 0x0000000800000000)
  region size 2048K, 23 young (47104K), 2 survivors (4096K)
 Metaspace       used 65148K, committed 65856K, reserved 1114112K
  class space    used 8900K, committed 9216K, reserved 1048576K
}
Event: 4.066 GC heap after
{Heap after GC invocations=13 (full 0):
 garbage-first heap   total 81920K, used 31404K [0x0000000744e00000, 0x0000000800000000)
  region size 2048K, 3 young (6144K), 3 survivors (6144K)
 Metaspace       used 65148K, committed 65856K, reserved 1114112K
  class space    used 8900K, committed 9216K, reserved 1048576K
}

